<?xml version="1.0" encoding="UTF-8"?>
<!-- Generated by org.testng.reporters.JUnitReportReporter -->
<testsuite skipped="0" hostname="LAPTOP-CUHC688Q" name="verveTech.ScreenCode" tests="1" failures="0" timestamp="2022-04-27T18:52:48 IST" time="13.454" errors="0">
  <testcase name="sendkeys" time="13.454" classname="verveTech.ScreenCode"/>
  <system-out/>
</testsuite> <!-- verveTech.ScreenCode -->
